<?xml version="1.0" encoding="UTF-8"?>
<!-- Generated by org.testng.reporters.JUnitReportReporter -->
<testsuite skipped="6" hostname="LAPTOP-8A20E688" name="com.qa.testcases.CheckoutPageTest" tests="7" failures="0" timestamp="14 Oct 2021 11:55:34 GMT" time="0.025" errors="1">
  <testcase name="verifyOneTimePaymentTest" time="0.006" classname="com.qa.testcases.CheckoutPageTest">
    <skipped/>
  </testcase> <!-- verifyOneTimePaymentTest -->
  <testcase name="verifyEmailTest" time="0.003" classname="com.qa.testcases.CheckoutPageTest">
    <skipped/>
  </testcase> <!-- verifyEmailTest -->
  <testcase name="fillShippingAddressDetails" time="0.008" classname="com.qa.testcases.CheckoutPageTest">
    <skipped/>
  </testcase> <!-- fillShippingAddressDetails -->
  <testcase name="paymentMethodSelectTest" time="0.003" classname="com.qa.testcases.CheckoutPageTest">
    <skipped/>
  </testcase> <!-- paymentMethodSelectTest -->
  <testcase name="billingAddressTest" time="0.002" classname="com.qa.testcases.CheckoutPageTest">
    <skipped/>
  </testcase> <!-- billingAddressTest -->
  <testcase name="placeOrderTest" time="0.003" classname="com.qa.testcases.CheckoutPageTest">
    <skipped/>
  </testcase> <!-- placeOrderTest -->
  <testcase name="setUp" time="0.000" classname="com.qa.testcases.CheckoutPageTest">
    <error type="java.lang.NullPointerException">
      <![CDATA[java.lang.NullPointerException
	at com.qa.pages.LumaPage.addItemIntoCart(LumaPage.java:36)
	at com.qa.testcases.CheckoutPageTest.setUp(CheckoutPageTest.java:27)
	at sun.reflect.NativeMethodAccessorImpl.invoke0(Native Method)
	at sun.reflect.NativeMethodAccessorImpl.invoke(NativeMethodAccessorImpl.java:62)
	at sun.reflect.DelegatingMethodAccessorImpl.invoke(DelegatingMethodAccessorImpl.java:43)
	at java.lang.reflect.Method.invoke(Method.java:498)
	at org.testng.internal.MethodInvocationHelper.invokeMethod(MethodInvocationHelper.java:100)
	at org.testng.internal.Invoker.invokeConfigurationMethod(Invoker.java:515)
	at org.testng.internal.Invoker.invokeConfigurations(Invoker.java:216)
	at org.testng.internal.Invoker.invokeMethod(Invoker.java:590)
	at org.testng.internal.Invoker.invokeTestMethod(Invoker.java:811)
	at org.testng.internal.Invoker.invokeTestMethods(Invoker.java:1137)
	at org.testng.internal.TestMethodWorker.invokeTestMethods(TestMethodWorker.java:129)
	at org.testng.internal.TestMethodWorker.run(TestMethodWorker.java:112)
	at org.testng.TestRunner.privateRun(TestRunner.java:753)
	at org.testng.TestRunner.run(TestRunner.java:607)
	at org.testng.SuiteRunner.runTest(SuiteRunner.java:368)
	at org.testng.SuiteRunner.runSequentially(SuiteRunner.java:363)
	at org.testng.SuiteRunner.privateRun(SuiteRunner.java:321)
	at org.testng.SuiteRunner.run(SuiteRunner.java:270)
	at org.testng.SuiteRunnerWorker.runSuite(SuiteRunnerWorker.java:52)
	at org.testng.SuiteRunnerWorker.run(SuiteRunnerWorker.java:86)
	at org.testng.TestNG.runSuitesSequentially(TestNG.java:1284)
	at org.testng.TestNG.runSuitesLocally(TestNG.java:1209)
	at org.testng.TestNG.runSuites(TestNG.java:1124)
	at org.testng.TestNG.run(TestNG.java:1096)
	at org.testng.remote.AbstractRemoteTestNG.run(AbstractRemoteTestNG.java:132)
	at org.testng.remote.RemoteTestNG.initAndRun(RemoteTestNG.java:236)
	at org.testng.remote.RemoteTestNG.main(RemoteTestNG.java:81)
]]>
    </error>
  </testcase> <!-- setUp -->
</testsuite> <!-- com.qa.testcases.CheckoutPageTest -->
